<?xml version="1.0" encoding="UTF-8"?>
<!-- Generated by org.testng.reporters.JUnitXMLReporter -->
<testsuite ignored="0" hostname="LP003038" failures="0" tests="6" name="Default test" time="15.84" errors="0" timestamp="2024-10-03T15:07:03 IST">
  <testcase classname="api.test.DDTests" name="testPostUser" time="5.474"/>
  <testcase classname="api.test.DDTests" name="testPostUser" time="1.487"/>
  <testcase classname="api.test.DDTests" name="testPostUser" time="1.477"/>
  <testcase classname="api.test.DDTests" name="testDeleteUserByName" time="1.433"/>
  <testcase classname="api.test.DDTests" name="testDeleteUserByName" time="1.492"/>
  <testcase classname="api.test.DDTests" name="testDeleteUserByName" time="1.58"/>
</testsuite> <!-- Default test -->
