<?xml version="1.0" encoding="UTF-8"?>
<!-- Generated by org.testng.reporters.JUnitXMLReporter -->
<testsuite ignored="0" hostname="LP003038" failures="0" tests="4" name="PetTests" time="7.899" errors="0" timestamp="2024-10-04T12:22:09 IST">
  <testcase classname="api.test.UserTests2" name="testPostUser" time="2.753"/>
  <testcase classname="api.test.UserTests2" name="testGetUserByName" time="1.143"/>
  <testcase classname="api.test.UserTests2" name="testUpdateUserByName" time="2.202"/>
  <testcase classname="api.test.UserTests2" name="testDeleteUserByName" time="1.043"/>
</testsuite> <!-- PetTests -->
