<?xml version="1.0" encoding="UTF-8"?>
<!-- Generated by org.testng.reporters.JUnitXMLReporter -->
<testsuite ignored="0" hostname="LP003038" failures="0" tests="4" name="PetTests" time="11.471" errors="0" timestamp="2024-10-04T11:03:36 IST">
  <testcase classname="api.test.UserTests2" name="testPostUser" time="4.27"/>
  <testcase classname="api.test.UserTests2" name="testGetUserByName" time="1.366"/>
  <testcase classname="api.test.UserTests2" name="testUpdateUserByName" time="2.829"/>
  <testcase classname="api.test.UserTests2" name="testDeleteUserByName" time="1.483"/>
</testsuite> <!-- PetTests -->
